Performing C SOURCE FILE Test CMAKE_HAVE_LIBC_PTHREAD failed with the following output:
Change Dir: /home/andrew/MY/Projects/Graphic/LionGL/cmake-build-debug/CMakeFiles/CMakeTmp

Run Build Command(s):/usr/bin/make cmTC_4e935/fast && /usr/bin/make  -f CMakeFiles/cmTC_4e935.dir/build.make CMakeFiles/cmTC_4e935.dir/build
make[1]: Entering directory '/home/andrew/MY/Projects/Graphic/LionGL/cmake-build-debug/CMakeFiles/CMakeTmp'
Building C object CMakeFiles/cmTC_4e935.dir/src.c.o
/usr/bin/cc   -DCMAKE_HAVE_LIBC_PTHREAD   -o CMakeFiles/cmTC_4e935.dir/src.c.o   -c /home/andrew/MY/Projects/Graphic/LionGL/cmake-build-debug/CMakeFiles/CMakeTmp/src.c
Linking C executable cmTC_4e935
/snap/clion/126/bin/cmake/linux/bin/cmake -E cmake_link_script CMakeFiles/cmTC_4e935.dir/link.txt --verbose=1
/usr/bin/cc  -DCMAKE_HAVE_LIBC_PTHREAD    -rdynamic CMakeFiles/cmTC_4e935.dir/src.c.o  -o cmTC_4e935 
/usr/bin/ld: CMakeFiles/cmTC_4e935.dir/src.c.o: in function `main':
src.c:(.text+0x46): undefined reference to `pthread_create'
/usr/bin/ld: src.c:(.text+0x52): undefined reference to `pthread_detach'
/usr/bin/ld: src.c:(.text+0x5e): undefined reference to `pthread_cancel'
/usr/bin/ld: src.c:(.text+0x6f): undefined reference to `pthread_join'
collect2: error: ld returned 1 exit status
make[1]: *** [CMakeFiles/cmTC_4e935.dir/build.make:107: cmTC_4e935] Error 1
make[1]: Leaving directory '/home/andrew/MY/Projects/Graphic/LionGL/cmake-build-debug/CMakeFiles/CMakeTmp'
make: *** [Makefile:141: cmTC_4e935/fast] Error 2


Source file was:
#include <pthread.h>

void* test_func(void* data)
{
  return data;
}

int main(void)
{
  pthread_t thread;
  pthread_create(&thread, NULL, test_func, NULL);
  pthread_detach(thread);
  pthread_cancel(thread);
  pthread_join(thread, NULL);
  pthread_atfork(NULL, NULL, NULL);
  pthread_exit(NULL);

  return 0;
}

Determining if the function pthread_create exists in the pthreads failed with the following output:
Change Dir: /home/andrew/MY/Projects/Graphic/LionGL/cmake-build-debug/CMakeFiles/CMakeTmp

Run Build Command(s):/usr/bin/make cmTC_b5ca9/fast && /usr/bin/make  -f CMakeFiles/cmTC_b5ca9.dir/build.make CMakeFiles/cmTC_b5ca9.dir/build
make[1]: Entering directory '/home/andrew/MY/Projects/Graphic/LionGL/cmake-build-debug/CMakeFiles/CMakeTmp'
Building C object CMakeFiles/cmTC_b5ca9.dir/CheckFunctionExists.c.o
/usr/bin/cc   -DCHECK_FUNCTION_EXISTS=pthread_create   -o CMakeFiles/cmTC_b5ca9.dir/CheckFunctionExists.c.o   -c /snap/clion/126/bin/cmake/linux/share/cmake-3.17/Modules/CheckFunctionExists.c
Linking C executable cmTC_b5ca9
/snap/clion/126/bin/cmake/linux/bin/cmake -E cmake_link_script CMakeFiles/cmTC_b5ca9.dir/link.txt --verbose=1
/usr/bin/cc  -DCHECK_FUNCTION_EXISTS=pthread_create    -rdynamic CMakeFiles/cmTC_b5ca9.dir/CheckFunctionExists.c.o  -o cmTC_b5ca9  -lpthreads 
/usr/bin/ld: cannot find -lpthreads
collect2: error: ld returned 1 exit status
make[1]: *** [CMakeFiles/cmTC_b5ca9.dir/build.make:107: cmTC_b5ca9] Error 1
make[1]: Leaving directory '/home/andrew/MY/Projects/Graphic/LionGL/cmake-build-debug/CMakeFiles/CMakeTmp'
make: *** [Makefile:141: cmTC_b5ca9/fast] Error 2



Performing C SOURCE FILE Test HAVE_GCC_PREFERRED_STACK_BOUNDARY failed with the following output:
Change Dir: /home/andrew/MY/Projects/Graphic/LionGL/cmake-build-debug/CMakeFiles/CMakeTmp

Run Build Command(s):/usr/bin/make cmTC_3a26a/fast && /usr/bin/make  -f CMakeFiles/cmTC_3a26a.dir/build.make CMakeFiles/cmTC_3a26a.dir/build
make[1]: Entering directory '/home/andrew/MY/Projects/Graphic/LionGL/cmake-build-debug/CMakeFiles/CMakeTmp'
Building C object CMakeFiles/cmTC_3a26a.dir/src.c.o
/usr/bin/cc   -idirafter /home/andrew/MY/Projects/Graphic/LionGL/libs/SDL2-2.0.12/src/video/khronos -DHAVE_GCC_PREFERRED_STACK_BOUNDARY -mpreferred-stack-boundary=2   -o CMakeFiles/cmTC_3a26a.dir/src.c.o   -c /home/andrew/MY/Projects/Graphic/LionGL/cmake-build-debug/CMakeFiles/CMakeTmp/src.c
cc1: error: ‘-mpreferred-stack-boundary=2’ is not between 3 and 12
make[1]: *** [CMakeFiles/cmTC_3a26a.dir/build.make:86: CMakeFiles/cmTC_3a26a.dir/src.c.o] Error 1
make[1]: Leaving directory '/home/andrew/MY/Projects/Graphic/LionGL/cmake-build-debug/CMakeFiles/CMakeTmp'
make: *** [Makefile:141: cmTC_3a26a/fast] Error 2


Source file was:
int x = 0; int main(int argc, char **argv) {}
Performing C SOURCE FILE Test HAVE_ALTIVEC_H_HDR failed with the following output:
Change Dir: /home/andrew/MY/Projects/Graphic/LionGL/cmake-build-debug/CMakeFiles/CMakeTmp

Run Build Command(s):/usr/bin/make cmTC_023f8/fast && /usr/bin/make  -f CMakeFiles/cmTC_023f8.dir/build.make CMakeFiles/cmTC_023f8.dir/build
make[1]: Entering directory '/home/andrew/MY/Projects/Graphic/LionGL/cmake-build-debug/CMakeFiles/CMakeTmp'
Building C object CMakeFiles/cmTC_023f8.dir/src.c.o
/usr/bin/cc   -idirafter /home/andrew/MY/Projects/Graphic/LionGL/libs/SDL2-2.0.12/src/video/khronos -DHAVE_ALTIVEC_H_HDR -maltivec   -o CMakeFiles/cmTC_023f8.dir/src.c.o   -c /home/andrew/MY/Projects/Graphic/LionGL/cmake-build-debug/CMakeFiles/CMakeTmp/src.c
cc: error: unrecognized command line option ‘-maltivec’
make[1]: *** [CMakeFiles/cmTC_023f8.dir/build.make:86: CMakeFiles/cmTC_023f8.dir/src.c.o] Error 1
make[1]: Leaving directory '/home/andrew/MY/Projects/Graphic/LionGL/cmake-build-debug/CMakeFiles/CMakeTmp'
make: *** [Makefile:141: cmTC_023f8/fast] Error 2


Source file was:

          #include <altivec.h>
          vector unsigned int vzero() {
              return vec_splat_u32(0);
          }
          int main(int argc, char **argv) { }
Performing C SOURCE FILE Test HAVE_ALTIVEC failed with the following output:
Change Dir: /home/andrew/MY/Projects/Graphic/LionGL/cmake-build-debug/CMakeFiles/CMakeTmp

Run Build Command(s):/usr/bin/make cmTC_6ab57/fast && /usr/bin/make  -f CMakeFiles/cmTC_6ab57.dir/build.make CMakeFiles/cmTC_6ab57.dir/build
make[1]: Entering directory '/home/andrew/MY/Projects/Graphic/LionGL/cmake-build-debug/CMakeFiles/CMakeTmp'
Building C object CMakeFiles/cmTC_6ab57.dir/src.c.o
/usr/bin/cc   -idirafter /home/andrew/MY/Projects/Graphic/LionGL/libs/SDL2-2.0.12/src/video/khronos -DHAVE_ALTIVEC -maltivec   -o CMakeFiles/cmTC_6ab57.dir/src.c.o   -c /home/andrew/MY/Projects/Graphic/LionGL/cmake-build-debug/CMakeFiles/CMakeTmp/src.c
cc: error: unrecognized command line option ‘-maltivec’
make[1]: *** [CMakeFiles/cmTC_6ab57.dir/build.make:86: CMakeFiles/cmTC_6ab57.dir/src.c.o] Error 1
make[1]: Leaving directory '/home/andrew/MY/Projects/Graphic/LionGL/cmake-build-debug/CMakeFiles/CMakeTmp'
make: *** [Makefile:141: cmTC_6ab57/fast] Error 2


Source file was:

          vector unsigned int vzero() {
              return vec_splat_u32(0);
          }
          int main(int argc, char **argv) { }
Performing C SOURCE FILE Test ARMSIMD_FOUND failed with the following output:
Change Dir: /home/andrew/MY/Projects/Graphic/LionGL/cmake-build-debug/CMakeFiles/CMakeTmp

Run Build Command(s):/usr/bin/make cmTC_cf721/fast && /usr/bin/make  -f CMakeFiles/cmTC_cf721.dir/build.make CMakeFiles/cmTC_cf721.dir/build
make[1]: Entering directory '/home/andrew/MY/Projects/Graphic/LionGL/cmake-build-debug/CMakeFiles/CMakeTmp'
Building C object CMakeFiles/cmTC_cf721.dir/src.c.o
/usr/bin/cc   -idirafter /home/andrew/MY/Projects/Graphic/LionGL/libs/SDL2-2.0.12/src/video/khronos -DARMSIMD_FOUND  -x assembler-with-cpp   -o CMakeFiles/cmTC_cf721.dir/src.c.o   -c /home/andrew/MY/Projects/Graphic/LionGL/cmake-build-debug/CMakeFiles/CMakeTmp/src.c
/home/andrew/MY/Projects/Graphic/LionGL/cmake-build-debug/CMakeFiles/CMakeTmp/src.c:8:10: error: #error EABI is required (to be sure that calling conventions are compatible)
    8 |         #error EABI is required (to be sure that calling conventions are compatible)
      |          ^~~~~
make[1]: *** [CMakeFiles/cmTC_cf721.dir/build.make:86: CMakeFiles/cmTC_cf721.dir/src.c.o] Error 1
make[1]: Leaving directory '/home/andrew/MY/Projects/Graphic/LionGL/cmake-build-debug/CMakeFiles/CMakeTmp'
make: *** [Makefile:141: cmTC_cf721/fast] Error 2


Source file was:

        .text
        .arch armv6
        .object_arch armv4
        .arm
        .altmacro
        #ifndef __ARM_EABI__
        #error EABI is required (to be sure that calling conventions are compatible)
        #endif
        pld [r0]
        uqadd8 r0, r0, r0
      
Performing C SOURCE FILE Test ARMNEON_FOUND failed with the following output:
Change Dir: /home/andrew/MY/Projects/Graphic/LionGL/cmake-build-debug/CMakeFiles/CMakeTmp

Run Build Command(s):/usr/bin/make cmTC_84f0f/fast && /usr/bin/make  -f CMakeFiles/cmTC_84f0f.dir/build.make CMakeFiles/cmTC_84f0f.dir/build
make[1]: Entering directory '/home/andrew/MY/Projects/Graphic/LionGL/cmake-build-debug/CMakeFiles/CMakeTmp'
Building C object CMakeFiles/cmTC_84f0f.dir/src.c.o
/usr/bin/cc   -idirafter /home/andrew/MY/Projects/Graphic/LionGL/libs/SDL2-2.0.12/src/video/khronos -DARMNEON_FOUND  -x assembler-with-cpp   -o CMakeFiles/cmTC_84f0f.dir/src.c.o   -c /home/andrew/MY/Projects/Graphic/LionGL/cmake-build-debug/CMakeFiles/CMakeTmp/src.c
/home/andrew/MY/Projects/Graphic/LionGL/cmake-build-debug/CMakeFiles/CMakeTmp/src.c:10:10: error: #error EABI is required (to be sure that calling conventions are compatible)
   10 |         #error EABI is required (to be sure that calling conventions are compatible)
      |          ^~~~~
make[1]: *** [CMakeFiles/cmTC_84f0f.dir/build.make:86: CMakeFiles/cmTC_84f0f.dir/src.c.o] Error 1
make[1]: Leaving directory '/home/andrew/MY/Projects/Graphic/LionGL/cmake-build-debug/CMakeFiles/CMakeTmp'
make: *** [Makefile:141: cmTC_84f0f/fast] Error 2


Source file was:

        .text
        .fpu neon
        .arch armv7a
        .object_arch armv4
        .eabi_attribute 10, 0
        .arm
        .altmacro
        #ifndef __ARM_EABI__
        #error EABI is required (to be sure that calling conventions are compatible)
        #endif
        pld [r0]
        vmovn.u16 d0, q0
      
Determining if the include file libunwind.h exists failed with the following output:
Change Dir: /home/andrew/MY/Projects/Graphic/LionGL/cmake-build-debug/CMakeFiles/CMakeTmp

Run Build Command(s):/usr/bin/make cmTC_5637e/fast && /usr/bin/make  -f CMakeFiles/cmTC_5637e.dir/build.make CMakeFiles/cmTC_5637e.dir/build
make[1]: Entering directory '/home/andrew/MY/Projects/Graphic/LionGL/cmake-build-debug/CMakeFiles/CMakeTmp'
Building C object CMakeFiles/cmTC_5637e.dir/CheckIncludeFile.c.o
/usr/bin/cc   -idirafter /home/andrew/MY/Projects/Graphic/LionGL/libs/SDL2-2.0.12/src/video/khronos    -o CMakeFiles/cmTC_5637e.dir/CheckIncludeFile.c.o   -c /home/andrew/MY/Projects/Graphic/LionGL/cmake-build-debug/CMakeFiles/CMakeTmp/CheckIncludeFile.c
/home/andrew/MY/Projects/Graphic/LionGL/cmake-build-debug/CMakeFiles/CMakeTmp/CheckIncludeFile.c:1:10: fatal error: libunwind.h: No such file or directory
    1 | #include <libunwind.h>
      |          ^~~~~~~~~~~~~
compilation terminated.
make[1]: *** [CMakeFiles/cmTC_5637e.dir/build.make:86: CMakeFiles/cmTC_5637e.dir/CheckIncludeFile.c.o] Error 1
make[1]: Leaving directory '/home/andrew/MY/Projects/Graphic/LionGL/cmake-build-debug/CMakeFiles/CMakeTmp'
make: *** [Makefile:141: cmTC_5637e/fast] Error 2



Determining if the function strlcpy exists failed with the following output:
Change Dir: /home/andrew/MY/Projects/Graphic/LionGL/cmake-build-debug/CMakeFiles/CMakeTmp

Run Build Command(s):/usr/bin/make cmTC_c5c4f/fast && /usr/bin/make  -f CMakeFiles/cmTC_c5c4f.dir/build.make CMakeFiles/cmTC_c5c4f.dir/build
make[1]: Entering directory '/home/andrew/MY/Projects/Graphic/LionGL/cmake-build-debug/CMakeFiles/CMakeTmp'
Building C object CMakeFiles/cmTC_c5c4f.dir/CheckFunctionExists.c.o
/usr/bin/cc   -idirafter /home/andrew/MY/Projects/Graphic/LionGL/libs/SDL2-2.0.12/src/video/khronos -DCHECK_FUNCTION_EXISTS=strlcpy   -o CMakeFiles/cmTC_c5c4f.dir/CheckFunctionExists.c.o   -c /snap/clion/126/bin/cmake/linux/share/cmake-3.17/Modules/CheckFunctionExists.c
Linking C executable cmTC_c5c4f
/snap/clion/126/bin/cmake/linux/bin/cmake -E cmake_link_script CMakeFiles/cmTC_c5c4f.dir/link.txt --verbose=1
/usr/bin/cc  -idirafter /home/andrew/MY/Projects/Graphic/LionGL/libs/SDL2-2.0.12/src/video/khronos -DCHECK_FUNCTION_EXISTS=strlcpy    -rdynamic CMakeFiles/cmTC_c5c4f.dir/CheckFunctionExists.c.o  -o cmTC_c5c4f 
/usr/bin/ld: CMakeFiles/cmTC_c5c4f.dir/CheckFunctionExists.c.o: in function `main':
CheckFunctionExists.c:(.text+0x14): undefined reference to `strlcpy'
collect2: error: ld returned 1 exit status
make[1]: *** [CMakeFiles/cmTC_c5c4f.dir/build.make:107: cmTC_c5c4f] Error 1
make[1]: Leaving directory '/home/andrew/MY/Projects/Graphic/LionGL/cmake-build-debug/CMakeFiles/CMakeTmp'
make: *** [Makefile:141: cmTC_c5c4f/fast] Error 2



Determining if the function strlcat exists failed with the following output:
Change Dir: /home/andrew/MY/Projects/Graphic/LionGL/cmake-build-debug/CMakeFiles/CMakeTmp

Run Build Command(s):/usr/bin/make cmTC_5d527/fast && /usr/bin/make  -f CMakeFiles/cmTC_5d527.dir/build.make CMakeFiles/cmTC_5d527.dir/build
make[1]: Entering directory '/home/andrew/MY/Projects/Graphic/LionGL/cmake-build-debug/CMakeFiles/CMakeTmp'
Building C object CMakeFiles/cmTC_5d527.dir/CheckFunctionExists.c.o
/usr/bin/cc   -idirafter /home/andrew/MY/Projects/Graphic/LionGL/libs/SDL2-2.0.12/src/video/khronos -DCHECK_FUNCTION_EXISTS=strlcat   -o CMakeFiles/cmTC_5d527.dir/CheckFunctionExists.c.o   -c /snap/clion/126/bin/cmake/linux/share/cmake-3.17/Modules/CheckFunctionExists.c
Linking C executable cmTC_5d527
/snap/clion/126/bin/cmake/linux/bin/cmake -E cmake_link_script CMakeFiles/cmTC_5d527.dir/link.txt --verbose=1
/usr/bin/cc  -idirafter /home/andrew/MY/Projects/Graphic/LionGL/libs/SDL2-2.0.12/src/video/khronos -DCHECK_FUNCTION_EXISTS=strlcat    -rdynamic CMakeFiles/cmTC_5d527.dir/CheckFunctionExists.c.o  -o cmTC_5d527 
/usr/bin/ld: CMakeFiles/cmTC_5d527.dir/CheckFunctionExists.c.o: in function `main':
CheckFunctionExists.c:(.text+0x14): undefined reference to `strlcat'
collect2: error: ld returned 1 exit status
make[1]: *** [CMakeFiles/cmTC_5d527.dir/build.make:107: cmTC_5d527] Error 1
make[1]: Leaving directory '/home/andrew/MY/Projects/Graphic/LionGL/cmake-build-debug/CMakeFiles/CMakeTmp'
make: *** [Makefile:141: cmTC_5d527/fast] Error 2



Determining if the function _strrev exists failed with the following output:
Change Dir: /home/andrew/MY/Projects/Graphic/LionGL/cmake-build-debug/CMakeFiles/CMakeTmp

Run Build Command(s):/usr/bin/make cmTC_ffe16/fast && /usr/bin/make  -f CMakeFiles/cmTC_ffe16.dir/build.make CMakeFiles/cmTC_ffe16.dir/build
make[1]: Entering directory '/home/andrew/MY/Projects/Graphic/LionGL/cmake-build-debug/CMakeFiles/CMakeTmp'
Building C object CMakeFiles/cmTC_ffe16.dir/CheckFunctionExists.c.o
/usr/bin/cc   -idirafter /home/andrew/MY/Projects/Graphic/LionGL/libs/SDL2-2.0.12/src/video/khronos -DCHECK_FUNCTION_EXISTS=_strrev   -o CMakeFiles/cmTC_ffe16.dir/CheckFunctionExists.c.o   -c /snap/clion/126/bin/cmake/linux/share/cmake-3.17/Modules/CheckFunctionExists.c
Linking C executable cmTC_ffe16
/snap/clion/126/bin/cmake/linux/bin/cmake -E cmake_link_script CMakeFiles/cmTC_ffe16.dir/link.txt --verbose=1
/usr/bin/cc  -idirafter /home/andrew/MY/Projects/Graphic/LionGL/libs/SDL2-2.0.12/src/video/khronos -DCHECK_FUNCTION_EXISTS=_strrev    -rdynamic CMakeFiles/cmTC_ffe16.dir/CheckFunctionExists.c.o  -o cmTC_ffe16 
/usr/bin/ld: CMakeFiles/cmTC_ffe16.dir/CheckFunctionExists.c.o: in function `main':
CheckFunctionExists.c:(.text+0x14): undefined reference to `_strrev'
collect2: error: ld returned 1 exit status
make[1]: *** [CMakeFiles/cmTC_ffe16.dir/build.make:107: cmTC_ffe16] Error 1
make[1]: Leaving directory '/home/andrew/MY/Projects/Graphic/LionGL/cmake-build-debug/CMakeFiles/CMakeTmp'
make: *** [Makefile:141: cmTC_ffe16/fast] Error 2



Determining if the function _strupr exists failed with the following output:
Change Dir: /home/andrew/MY/Projects/Graphic/LionGL/cmake-build-debug/CMakeFiles/CMakeTmp

Run Build Command(s):/usr/bin/make cmTC_47762/fast && /usr/bin/make  -f CMakeFiles/cmTC_47762.dir/build.make CMakeFiles/cmTC_47762.dir/build
make[1]: Entering directory '/home/andrew/MY/Projects/Graphic/LionGL/cmake-build-debug/CMakeFiles/CMakeTmp'
Building C object CMakeFiles/cmTC_47762.dir/CheckFunctionExists.c.o
/usr/bin/cc   -idirafter /home/andrew/MY/Projects/Graphic/LionGL/libs/SDL2-2.0.12/src/video/khronos -DCHECK_FUNCTION_EXISTS=_strupr   -o CMakeFiles/cmTC_47762.dir/CheckFunctionExists.c.o   -c /snap/clion/126/bin/cmake/linux/share/cmake-3.17/Modules/CheckFunctionExists.c
Linking C executable cmTC_47762
/snap/clion/126/bin/cmake/linux/bin/cmake -E cmake_link_script CMakeFiles/cmTC_47762.dir/link.txt --verbose=1
/usr/bin/cc  -idirafter /home/andrew/MY/Projects/Graphic/LionGL/libs/SDL2-2.0.12/src/video/khronos -DCHECK_FUNCTION_EXISTS=_strupr    -rdynamic CMakeFiles/cmTC_47762.dir/CheckFunctionExists.c.o  -o cmTC_47762 
/usr/bin/ld: CMakeFiles/cmTC_47762.dir/CheckFunctionExists.c.o: in function `main':
CheckFunctionExists.c:(.text+0x14): undefined reference to `_strupr'
collect2: error: ld returned 1 exit status
make[1]: *** [CMakeFiles/cmTC_47762.dir/build.make:107: cmTC_47762] Error 1
make[1]: Leaving directory '/home/andrew/MY/Projects/Graphic/LionGL/cmake-build-debug/CMakeFiles/CMakeTmp'
make: *** [Makefile:141: cmTC_47762/fast] Error 2



Determining if the function _strlwr exists failed with the following output:
Change Dir: /home/andrew/MY/Projects/Graphic/LionGL/cmake-build-debug/CMakeFiles/CMakeTmp

Run Build Command(s):/usr/bin/make cmTC_50065/fast && /usr/bin/make  -f CMakeFiles/cmTC_50065.dir/build.make CMakeFiles/cmTC_50065.dir/build
make[1]: Entering directory '/home/andrew/MY/Projects/Graphic/LionGL/cmake-build-debug/CMakeFiles/CMakeTmp'
Building C object CMakeFiles/cmTC_50065.dir/CheckFunctionExists.c.o
/usr/bin/cc   -idirafter /home/andrew/MY/Projects/Graphic/LionGL/libs/SDL2-2.0.12/src/video/khronos -DCHECK_FUNCTION_EXISTS=_strlwr   -o CMakeFiles/cmTC_50065.dir/CheckFunctionExists.c.o   -c /snap/clion/126/bin/cmake/linux/share/cmake-3.17/Modules/CheckFunctionExists.c
Linking C executable cmTC_50065
/snap/clion/126/bin/cmake/linux/bin/cmake -E cmake_link_script CMakeFiles/cmTC_50065.dir/link.txt --verbose=1
/usr/bin/cc  -idirafter /home/andrew/MY/Projects/Graphic/LionGL/libs/SDL2-2.0.12/src/video/khronos -DCHECK_FUNCTION_EXISTS=_strlwr    -rdynamic CMakeFiles/cmTC_50065.dir/CheckFunctionExists.c.o  -o cmTC_50065 
/usr/bin/ld: CMakeFiles/cmTC_50065.dir/CheckFunctionExists.c.o: in function `main':
CheckFunctionExists.c:(.text+0x14): undefined reference to `_strlwr'
collect2: error: ld returned 1 exit status
make[1]: *** [CMakeFiles/cmTC_50065.dir/build.make:107: cmTC_50065] Error 1
make[1]: Leaving directory '/home/andrew/MY/Projects/Graphic/LionGL/cmake-build-debug/CMakeFiles/CMakeTmp'
make: *** [Makefile:141: cmTC_50065/fast] Error 2



Determining if the function itoa exists failed with the following output:
Change Dir: /home/andrew/MY/Projects/Graphic/LionGL/cmake-build-debug/CMakeFiles/CMakeTmp

Run Build Command(s):/usr/bin/make cmTC_4bc3a/fast && /usr/bin/make  -f CMakeFiles/cmTC_4bc3a.dir/build.make CMakeFiles/cmTC_4bc3a.dir/build
make[1]: Entering directory '/home/andrew/MY/Projects/Graphic/LionGL/cmake-build-debug/CMakeFiles/CMakeTmp'
Building C object CMakeFiles/cmTC_4bc3a.dir/CheckFunctionExists.c.o
/usr/bin/cc   -idirafter /home/andrew/MY/Projects/Graphic/LionGL/libs/SDL2-2.0.12/src/video/khronos -DCHECK_FUNCTION_EXISTS=itoa   -o CMakeFiles/cmTC_4bc3a.dir/CheckFunctionExists.c.o   -c /snap/clion/126/bin/cmake/linux/share/cmake-3.17/Modules/CheckFunctionExists.c
Linking C executable cmTC_4bc3a
/snap/clion/126/bin/cmake/linux/bin/cmake -E cmake_link_script CMakeFiles/cmTC_4bc3a.dir/link.txt --verbose=1
/usr/bin/cc  -idirafter /home/andrew/MY/Projects/Graphic/LionGL/libs/SDL2-2.0.12/src/video/khronos -DCHECK_FUNCTION_EXISTS=itoa    -rdynamic CMakeFiles/cmTC_4bc3a.dir/CheckFunctionExists.c.o  -o cmTC_4bc3a 
/usr/bin/ld: CMakeFiles/cmTC_4bc3a.dir/CheckFunctionExists.c.o: in function `main':
CheckFunctionExists.c:(.text+0x14): undefined reference to `itoa'
collect2: error: ld returned 1 exit status
make[1]: *** [CMakeFiles/cmTC_4bc3a.dir/build.make:107: cmTC_4bc3a] Error 1
make[1]: Leaving directory '/home/andrew/MY/Projects/Graphic/LionGL/cmake-build-debug/CMakeFiles/CMakeTmp'
make: *** [Makefile:141: cmTC_4bc3a/fast] Error 2



Determining if the function _ltoa exists failed with the following output:
Change Dir: /home/andrew/MY/Projects/Graphic/LionGL/cmake-build-debug/CMakeFiles/CMakeTmp

Run Build Command(s):/usr/bin/make cmTC_26a77/fast && /usr/bin/make  -f CMakeFiles/cmTC_26a77.dir/build.make CMakeFiles/cmTC_26a77.dir/build
make[1]: Entering directory '/home/andrew/MY/Projects/Graphic/LionGL/cmake-build-debug/CMakeFiles/CMakeTmp'
Building C object CMakeFiles/cmTC_26a77.dir/CheckFunctionExists.c.o
/usr/bin/cc   -idirafter /home/andrew/MY/Projects/Graphic/LionGL/libs/SDL2-2.0.12/src/video/khronos -DCHECK_FUNCTION_EXISTS=_ltoa   -o CMakeFiles/cmTC_26a77.dir/CheckFunctionExists.c.o   -c /snap/clion/126/bin/cmake/linux/share/cmake-3.17/Modules/CheckFunctionExists.c
Linking C executable cmTC_26a77
/snap/clion/126/bin/cmake/linux/bin/cmake -E cmake_link_script CMakeFiles/cmTC_26a77.dir/link.txt --verbose=1
/usr/bin/cc  -idirafter /home/andrew/MY/Projects/Graphic/LionGL/libs/SDL2-2.0.12/src/video/khronos -DCHECK_FUNCTION_EXISTS=_ltoa    -rdynamic CMakeFiles/cmTC_26a77.dir/CheckFunctionExists.c.o  -o cmTC_26a77 
/usr/bin/ld: CMakeFiles/cmTC_26a77.dir/CheckFunctionExists.c.o: in function `main':
CheckFunctionExists.c:(.text+0x14): undefined reference to `_ltoa'
collect2: error: ld returned 1 exit status
make[1]: *** [CMakeFiles/cmTC_26a77.dir/build.make:107: cmTC_26a77] Error 1
make[1]: Leaving directory '/home/andrew/MY/Projects/Graphic/LionGL/cmake-build-debug/CMakeFiles/CMakeTmp'
make: *** [Makefile:141: cmTC_26a77/fast] Error 2



Determining if the function _uitoa exists failed with the following output:
Change Dir: /home/andrew/MY/Projects/Graphic/LionGL/cmake-build-debug/CMakeFiles/CMakeTmp

Run Build Command(s):/usr/bin/make cmTC_cd9f7/fast && /usr/bin/make  -f CMakeFiles/cmTC_cd9f7.dir/build.make CMakeFiles/cmTC_cd9f7.dir/build
make[1]: Entering directory '/home/andrew/MY/Projects/Graphic/LionGL/cmake-build-debug/CMakeFiles/CMakeTmp'
Building C object CMakeFiles/cmTC_cd9f7.dir/CheckFunctionExists.c.o
/usr/bin/cc   -idirafter /home/andrew/MY/Projects/Graphic/LionGL/libs/SDL2-2.0.12/src/video/khronos -DCHECK_FUNCTION_EXISTS=_uitoa   -o CMakeFiles/cmTC_cd9f7.dir/CheckFunctionExists.c.o   -c /snap/clion/126/bin/cmake/linux/share/cmake-3.17/Modules/CheckFunctionExists.c
Linking C executable cmTC_cd9f7
/snap/clion/126/bin/cmake/linux/bin/cmake -E cmake_link_script CMakeFiles/cmTC_cd9f7.dir/link.txt --verbose=1
/usr/bin/cc  -idirafter /home/andrew/MY/Projects/Graphic/LionGL/libs/SDL2-2.0.12/src/video/khronos -DCHECK_FUNCTION_EXISTS=_uitoa    -rdynamic CMakeFiles/cmTC_cd9f7.dir/CheckFunctionExists.c.o  -o cmTC_cd9f7 
/usr/bin/ld: CMakeFiles/cmTC_cd9f7.dir/CheckFunctionExists.c.o: in function `main':
CheckFunctionExists.c:(.text+0x14): undefined reference to `_uitoa'
collect2: error: ld returned 1 exit status
make[1]: *** [CMakeFiles/cmTC_cd9f7.dir/build.make:107: cmTC_cd9f7] Error 1
make[1]: Leaving directory '/home/andrew/MY/Projects/Graphic/LionGL/cmake-build-debug/CMakeFiles/CMakeTmp'
make: *** [Makefile:141: cmTC_cd9f7/fast] Error 2



Determining if the function _ultoa exists failed with the following output:
Change Dir: /home/andrew/MY/Projects/Graphic/LionGL/cmake-build-debug/CMakeFiles/CMakeTmp

Run Build Command(s):/usr/bin/make cmTC_8a3f0/fast && /usr/bin/make  -f CMakeFiles/cmTC_8a3f0.dir/build.make CMakeFiles/cmTC_8a3f0.dir/build
make[1]: Entering directory '/home/andrew/MY/Projects/Graphic/LionGL/cmake-build-debug/CMakeFiles/CMakeTmp'
Building C object CMakeFiles/cmTC_8a3f0.dir/CheckFunctionExists.c.o
/usr/bin/cc   -idirafter /home/andrew/MY/Projects/Graphic/LionGL/libs/SDL2-2.0.12/src/video/khronos -DCHECK_FUNCTION_EXISTS=_ultoa   -o CMakeFiles/cmTC_8a3f0.dir/CheckFunctionExists.c.o   -c /snap/clion/126/bin/cmake/linux/share/cmake-3.17/Modules/CheckFunctionExists.c
Linking C executable cmTC_8a3f0
/snap/clion/126/bin/cmake/linux/bin/cmake -E cmake_link_script CMakeFiles/cmTC_8a3f0.dir/link.txt --verbose=1
/usr/bin/cc  -idirafter /home/andrew/MY/Projects/Graphic/LionGL/libs/SDL2-2.0.12/src/video/khronos -DCHECK_FUNCTION_EXISTS=_ultoa    -rdynamic CMakeFiles/cmTC_8a3f0.dir/CheckFunctionExists.c.o  -o cmTC_8a3f0 
/usr/bin/ld: CMakeFiles/cmTC_8a3f0.dir/CheckFunctionExists.c.o: in function `main':
CheckFunctionExists.c:(.text+0x14): undefined reference to `_ultoa'
collect2: error: ld returned 1 exit status
make[1]: *** [CMakeFiles/cmTC_8a3f0.dir/build.make:107: cmTC_8a3f0] Error 1
make[1]: Leaving directory '/home/andrew/MY/Projects/Graphic/LionGL/cmake-build-debug/CMakeFiles/CMakeTmp'
make: *** [Makefile:141: cmTC_8a3f0/fast] Error 2



Determining if the function _i64toa exists failed with the following output:
Change Dir: /home/andrew/MY/Projects/Graphic/LionGL/cmake-build-debug/CMakeFiles/CMakeTmp

Run Build Command(s):/usr/bin/make cmTC_e14f6/fast && /usr/bin/make  -f CMakeFiles/cmTC_e14f6.dir/build.make CMakeFiles/cmTC_e14f6.dir/build
make[1]: Entering directory '/home/andrew/MY/Projects/Graphic/LionGL/cmake-build-debug/CMakeFiles/CMakeTmp'
Building C object CMakeFiles/cmTC_e14f6.dir/CheckFunctionExists.c.o
/usr/bin/cc   -idirafter /home/andrew/MY/Projects/Graphic/LionGL/libs/SDL2-2.0.12/src/video/khronos -DCHECK_FUNCTION_EXISTS=_i64toa   -o CMakeFiles/cmTC_e14f6.dir/CheckFunctionExists.c.o   -c /snap/clion/126/bin/cmake/linux/share/cmake-3.17/Modules/CheckFunctionExists.c
Linking C executable cmTC_e14f6
/snap/clion/126/bin/cmake/linux/bin/cmake -E cmake_link_script CMakeFiles/cmTC_e14f6.dir/link.txt --verbose=1
/usr/bin/cc  -idirafter /home/andrew/MY/Projects/Graphic/LionGL/libs/SDL2-2.0.12/src/video/khronos -DCHECK_FUNCTION_EXISTS=_i64toa    -rdynamic CMakeFiles/cmTC_e14f6.dir/CheckFunctionExists.c.o  -o cmTC_e14f6 
/usr/bin/ld: CMakeFiles/cmTC_e14f6.dir/CheckFunctionExists.c.o: in function `main':
CheckFunctionExists.c:(.text+0x14): undefined reference to `_i64toa'
collect2: error: ld returned 1 exit status
make[1]: *** [CMakeFiles/cmTC_e14f6.dir/build.make:107: cmTC_e14f6] Error 1
make[1]: Leaving directory '/home/andrew/MY/Projects/Graphic/LionGL/cmake-build-debug/CMakeFiles/CMakeTmp'
make: *** [Makefile:141: cmTC_e14f6/fast] Error 2



Determining if the function _ui64toa exists failed with the following output:
Change Dir: /home/andrew/MY/Projects/Graphic/LionGL/cmake-build-debug/CMakeFiles/CMakeTmp

Run Build Command(s):/usr/bin/make cmTC_68984/fast && /usr/bin/make  -f CMakeFiles/cmTC_68984.dir/build.make CMakeFiles/cmTC_68984.dir/build
make[1]: Entering directory '/home/andrew/MY/Projects/Graphic/LionGL/cmake-build-debug/CMakeFiles/CMakeTmp'
Building C object CMakeFiles/cmTC_68984.dir/CheckFunctionExists.c.o
/usr/bin/cc   -idirafter /home/andrew/MY/Projects/Graphic/LionGL/libs/SDL2-2.0.12/src/video/khronos -DCHECK_FUNCTION_EXISTS=_ui64toa   -o CMakeFiles/cmTC_68984.dir/CheckFunctionExists.c.o   -c /snap/clion/126/bin/cmake/linux/share/cmake-3.17/Modules/CheckFunctionExists.c
Linking C executable cmTC_68984
/snap/clion/126/bin/cmake/linux/bin/cmake -E cmake_link_script CMakeFiles/cmTC_68984.dir/link.txt --verbose=1
/usr/bin/cc  -idirafter /home/andrew/MY/Projects/Graphic/LionGL/libs/SDL2-2.0.12/src/video/khronos -DCHECK_FUNCTION_EXISTS=_ui64toa    -rdynamic CMakeFiles/cmTC_68984.dir/CheckFunctionExists.c.o  -o cmTC_68984 
/usr/bin/ld: CMakeFiles/cmTC_68984.dir/CheckFunctionExists.c.o: in function `main':
CheckFunctionExists.c:(.text+0x14): undefined reference to `_ui64toa'
collect2: error: ld returned 1 exit status
make[1]: *** [CMakeFiles/cmTC_68984.dir/build.make:107: cmTC_68984] Error 1
make[1]: Leaving directory '/home/andrew/MY/Projects/Graphic/LionGL/cmake-build-debug/CMakeFiles/CMakeTmp'
make: *** [Makefile:141: cmTC_68984/fast] Error 2



Determining if the function _stricmp exists failed with the following output:
Change Dir: /home/andrew/MY/Projects/Graphic/LionGL/cmake-build-debug/CMakeFiles/CMakeTmp

Run Build Command(s):/usr/bin/make cmTC_76ec9/fast && /usr/bin/make  -f CMakeFiles/cmTC_76ec9.dir/build.make CMakeFiles/cmTC_76ec9.dir/build
make[1]: Entering directory '/home/andrew/MY/Projects/Graphic/LionGL/cmake-build-debug/CMakeFiles/CMakeTmp'
Building C object CMakeFiles/cmTC_76ec9.dir/CheckFunctionExists.c.o
/usr/bin/cc   -idirafter /home/andrew/MY/Projects/Graphic/LionGL/libs/SDL2-2.0.12/src/video/khronos -DCHECK_FUNCTION_EXISTS=_stricmp   -o CMakeFiles/cmTC_76ec9.dir/CheckFunctionExists.c.o   -c /snap/clion/126/bin/cmake/linux/share/cmake-3.17/Modules/CheckFunctionExists.c
Linking C executable cmTC_76ec9
/snap/clion/126/bin/cmake/linux/bin/cmake -E cmake_link_script CMakeFiles/cmTC_76ec9.dir/link.txt --verbose=1
/usr/bin/cc  -idirafter /home/andrew/MY/Projects/Graphic/LionGL/libs/SDL2-2.0.12/src/video/khronos -DCHECK_FUNCTION_EXISTS=_stricmp    -rdynamic CMakeFiles/cmTC_76ec9.dir/CheckFunctionExists.c.o  -o cmTC_76ec9 
/usr/bin/ld: CMakeFiles/cmTC_76ec9.dir/CheckFunctionExists.c.o: in function `main':
CheckFunctionExists.c:(.text+0x14): undefined reference to `_stricmp'
collect2: error: ld returned 1 exit status
make[1]: *** [CMakeFiles/cmTC_76ec9.dir/build.make:107: cmTC_76ec9] Error 1
make[1]: Leaving directory '/home/andrew/MY/Projects/Graphic/LionGL/cmake-build-debug/CMakeFiles/CMakeTmp'
make: *** [Makefile:141: cmTC_76ec9/fast] Error 2



Determining if the function _strnicmp exists failed with the following output:
Change Dir: /home/andrew/MY/Projects/Graphic/LionGL/cmake-build-debug/CMakeFiles/CMakeTmp

Run Build Command(s):/usr/bin/make cmTC_118c5/fast && /usr/bin/make  -f CMakeFiles/cmTC_118c5.dir/build.make CMakeFiles/cmTC_118c5.dir/build
make[1]: Entering directory '/home/andrew/MY/Projects/Graphic/LionGL/cmake-build-debug/CMakeFiles/CMakeTmp'
Building C object CMakeFiles/cmTC_118c5.dir/CheckFunctionExists.c.o
/usr/bin/cc   -idirafter /home/andrew/MY/Projects/Graphic/LionGL/libs/SDL2-2.0.12/src/video/khronos -DCHECK_FUNCTION_EXISTS=_strnicmp   -o CMakeFiles/cmTC_118c5.dir/CheckFunctionExists.c.o   -c /snap/clion/126/bin/cmake/linux/share/cmake-3.17/Modules/CheckFunctionExists.c
Linking C executable cmTC_118c5
/snap/clion/126/bin/cmake/linux/bin/cmake -E cmake_link_script CMakeFiles/cmTC_118c5.dir/link.txt --verbose=1
/usr/bin/cc  -idirafter /home/andrew/MY/Projects/Graphic/LionGL/libs/SDL2-2.0.12/src/video/khronos -DCHECK_FUNCTION_EXISTS=_strnicmp    -rdynamic CMakeFiles/cmTC_118c5.dir/CheckFunctionExists.c.o  -o cmTC_118c5 
/usr/bin/ld: CMakeFiles/cmTC_118c5.dir/CheckFunctionExists.c.o: in function `main':
CheckFunctionExists.c:(.text+0x14): undefined reference to `_strnicmp'
collect2: error: ld returned 1 exit status
make[1]: *** [CMakeFiles/cmTC_118c5.dir/build.make:107: cmTC_118c5] Error 1
make[1]: Leaving directory '/home/andrew/MY/Projects/Graphic/LionGL/cmake-build-debug/CMakeFiles/CMakeTmp'
make: *** [Makefile:141: cmTC_118c5/fast] Error 2



Determining if the function wcslcat exists failed with the following output:
Change Dir: /home/andrew/MY/Projects/Graphic/LionGL/cmake-build-debug/CMakeFiles/CMakeTmp

Run Build Command(s):/usr/bin/make cmTC_19334/fast && /usr/bin/make  -f CMakeFiles/cmTC_19334.dir/build.make CMakeFiles/cmTC_19334.dir/build
make[1]: Entering directory '/home/andrew/MY/Projects/Graphic/LionGL/cmake-build-debug/CMakeFiles/CMakeTmp'
Building C object CMakeFiles/cmTC_19334.dir/CheckFunctionExists.c.o
/usr/bin/cc   -idirafter /home/andrew/MY/Projects/Graphic/LionGL/libs/SDL2-2.0.12/src/video/khronos -DCHECK_FUNCTION_EXISTS=wcslcat   -o CMakeFiles/cmTC_19334.dir/CheckFunctionExists.c.o   -c /snap/clion/126/bin/cmake/linux/share/cmake-3.17/Modules/CheckFunctionExists.c
Linking C executable cmTC_19334
/snap/clion/126/bin/cmake/linux/bin/cmake -E cmake_link_script CMakeFiles/cmTC_19334.dir/link.txt --verbose=1
/usr/bin/cc  -idirafter /home/andrew/MY/Projects/Graphic/LionGL/libs/SDL2-2.0.12/src/video/khronos -DCHECK_FUNCTION_EXISTS=wcslcat    -rdynamic CMakeFiles/cmTC_19334.dir/CheckFunctionExists.c.o  -o cmTC_19334 
/usr/bin/ld: CMakeFiles/cmTC_19334.dir/CheckFunctionExists.c.o: in function `main':
CheckFunctionExists.c:(.text+0x14): undefined reference to `wcslcat'
collect2: error: ld returned 1 exit status
make[1]: *** [CMakeFiles/cmTC_19334.dir/build.make:107: cmTC_19334] Error 1
make[1]: Leaving directory '/home/andrew/MY/Projects/Graphic/LionGL/cmake-build-debug/CMakeFiles/CMakeTmp'
make: *** [Makefile:141: cmTC_19334/fast] Error 2



Determining if the function wcslcpy exists failed with the following output:
Change Dir: /home/andrew/MY/Projects/Graphic/LionGL/cmake-build-debug/CMakeFiles/CMakeTmp

Run Build Command(s):/usr/bin/make cmTC_b6727/fast && /usr/bin/make  -f CMakeFiles/cmTC_b6727.dir/build.make CMakeFiles/cmTC_b6727.dir/build
make[1]: Entering directory '/home/andrew/MY/Projects/Graphic/LionGL/cmake-build-debug/CMakeFiles/CMakeTmp'
Building C object CMakeFiles/cmTC_b6727.dir/CheckFunctionExists.c.o
/usr/bin/cc   -idirafter /home/andrew/MY/Projects/Graphic/LionGL/libs/SDL2-2.0.12/src/video/khronos -DCHECK_FUNCTION_EXISTS=wcslcpy   -o CMakeFiles/cmTC_b6727.dir/CheckFunctionExists.c.o   -c /snap/clion/126/bin/cmake/linux/share/cmake-3.17/Modules/CheckFunctionExists.c
Linking C executable cmTC_b6727
/snap/clion/126/bin/cmake/linux/bin/cmake -E cmake_link_script CMakeFiles/cmTC_b6727.dir/link.txt --verbose=1
/usr/bin/cc  -idirafter /home/andrew/MY/Projects/Graphic/LionGL/libs/SDL2-2.0.12/src/video/khronos -DCHECK_FUNCTION_EXISTS=wcslcpy    -rdynamic CMakeFiles/cmTC_b6727.dir/CheckFunctionExists.c.o  -o cmTC_b6727 
/usr/bin/ld: CMakeFiles/cmTC_b6727.dir/CheckFunctionExists.c.o: in function `main':
CheckFunctionExists.c:(.text+0x14): undefined reference to `wcslcpy'
collect2: error: ld returned 1 exit status
make[1]: *** [CMakeFiles/cmTC_b6727.dir/build.make:107: cmTC_b6727] Error 1
make[1]: Leaving directory '/home/andrew/MY/Projects/Graphic/LionGL/cmake-build-debug/CMakeFiles/CMakeTmp'
make: *** [Makefile:141: cmTC_b6727/fast] Error 2



Determining if the function sysctlbyname exists failed with the following output:
Change Dir: /home/andrew/MY/Projects/Graphic/LionGL/cmake-build-debug/CMakeFiles/CMakeTmp

Run Build Command(s):/usr/bin/make cmTC_5bfe2/fast && /usr/bin/make  -f CMakeFiles/cmTC_5bfe2.dir/build.make CMakeFiles/cmTC_5bfe2.dir/build
make[1]: Entering directory '/home/andrew/MY/Projects/Graphic/LionGL/cmake-build-debug/CMakeFiles/CMakeTmp'
Building C object CMakeFiles/cmTC_5bfe2.dir/CheckFunctionExists.c.o
/usr/bin/cc   -idirafter /home/andrew/MY/Projects/Graphic/LionGL/libs/SDL2-2.0.12/src/video/khronos -DCHECK_FUNCTION_EXISTS=sysctlbyname   -o CMakeFiles/cmTC_5bfe2.dir/CheckFunctionExists.c.o   -c /snap/clion/126/bin/cmake/linux/share/cmake-3.17/Modules/CheckFunctionExists.c
Linking C executable cmTC_5bfe2
/snap/clion/126/bin/cmake/linux/bin/cmake -E cmake_link_script CMakeFiles/cmTC_5bfe2.dir/link.txt --verbose=1
/usr/bin/cc  -idirafter /home/andrew/MY/Projects/Graphic/LionGL/libs/SDL2-2.0.12/src/video/khronos -DCHECK_FUNCTION_EXISTS=sysctlbyname    -rdynamic CMakeFiles/cmTC_5bfe2.dir/CheckFunctionExists.c.o  -o cmTC_5bfe2 
/usr/bin/ld: CMakeFiles/cmTC_5bfe2.dir/CheckFunctionExists.c.o: in function `main':
CheckFunctionExists.c:(.text+0x14): undefined reference to `sysctlbyname'
collect2: error: ld returned 1 exit status
make[1]: *** [CMakeFiles/cmTC_5bfe2.dir/build.make:107: cmTC_5bfe2] Error 1
make[1]: Leaving directory '/home/andrew/MY/Projects/Graphic/LionGL/cmake-build-debug/CMakeFiles/CMakeTmp'
make: *** [Makefile:141: cmTC_5bfe2/fast] Error 2



Determining if the function iconv_open exists in the iconv failed with the following output:
Change Dir: /home/andrew/MY/Projects/Graphic/LionGL/cmake-build-debug/CMakeFiles/CMakeTmp

Run Build Command(s):/usr/bin/make cmTC_970d6/fast && /usr/bin/make  -f CMakeFiles/cmTC_970d6.dir/build.make CMakeFiles/cmTC_970d6.dir/build
make[1]: Entering directory '/home/andrew/MY/Projects/Graphic/LionGL/cmake-build-debug/CMakeFiles/CMakeTmp'
Building C object CMakeFiles/cmTC_970d6.dir/CheckFunctionExists.c.o
/usr/bin/cc   -idirafter /home/andrew/MY/Projects/Graphic/LionGL/libs/SDL2-2.0.12/src/video/khronos -DCHECK_FUNCTION_EXISTS=iconv_open   -o CMakeFiles/cmTC_970d6.dir/CheckFunctionExists.c.o   -c /snap/clion/126/bin/cmake/linux/share/cmake-3.17/Modules/CheckFunctionExists.c
Linking C executable cmTC_970d6
/snap/clion/126/bin/cmake/linux/bin/cmake -E cmake_link_script CMakeFiles/cmTC_970d6.dir/link.txt --verbose=1
/usr/bin/cc  -idirafter /home/andrew/MY/Projects/Graphic/LionGL/libs/SDL2-2.0.12/src/video/khronos -DCHECK_FUNCTION_EXISTS=iconv_open    -rdynamic CMakeFiles/cmTC_970d6.dir/CheckFunctionExists.c.o  -o cmTC_970d6  -liconv 
/usr/bin/ld: cannot find -liconv
collect2: error: ld returned 1 exit status
make[1]: *** [CMakeFiles/cmTC_970d6.dir/build.make:107: cmTC_970d6] Error 1
make[1]: Leaving directory '/home/andrew/MY/Projects/Graphic/LionGL/cmake-build-debug/CMakeFiles/CMakeTmp'
make: *** [Makefile:141: cmTC_970d6/fast] Error 2



Determining if the function alloca exists failed with the following output:
Change Dir: /home/andrew/MY/Projects/Graphic/LionGL/cmake-build-debug/CMakeFiles/CMakeTmp

Run Build Command(s):/usr/bin/make cmTC_b0724/fast && /usr/bin/make  -f CMakeFiles/cmTC_b0724.dir/build.make CMakeFiles/cmTC_b0724.dir/build
make[1]: Entering directory '/home/andrew/MY/Projects/Graphic/LionGL/cmake-build-debug/CMakeFiles/CMakeTmp'
Building C object CMakeFiles/cmTC_b0724.dir/CheckFunctionExists.c.o
/usr/bin/cc   -idirafter /home/andrew/MY/Projects/Graphic/LionGL/libs/SDL2-2.0.12/src/video/khronos -DCHECK_FUNCTION_EXISTS=alloca   -o CMakeFiles/cmTC_b0724.dir/CheckFunctionExists.c.o   -c /snap/clion/126/bin/cmake/linux/share/cmake-3.17/Modules/CheckFunctionExists.c
<command-line>: warning: conflicting types for built-in function ‘alloca’; expected ‘void *(long unsigned int)’ [-Wbuiltin-declaration-mismatch]
/snap/clion/126/bin/cmake/linux/share/cmake-3.17/Modules/CheckFunctionExists.c:7:3: note: in expansion of macro ‘CHECK_FUNCTION_EXISTS’
    7 |   CHECK_FUNCTION_EXISTS(void);
      |   ^~~~~~~~~~~~~~~~~~~~~
Linking C executable cmTC_b0724
/snap/clion/126/bin/cmake/linux/bin/cmake -E cmake_link_script CMakeFiles/cmTC_b0724.dir/link.txt --verbose=1
/usr/bin/cc  -idirafter /home/andrew/MY/Projects/Graphic/LionGL/libs/SDL2-2.0.12/src/video/khronos -DCHECK_FUNCTION_EXISTS=alloca    -rdynamic CMakeFiles/cmTC_b0724.dir/CheckFunctionExists.c.o  -o cmTC_b0724 
/usr/bin/ld: CMakeFiles/cmTC_b0724.dir/CheckFunctionExists.c.o: in function `main':
CheckFunctionExists.c:(.text+0x23): undefined reference to `alloca'
collect2: error: ld returned 1 exit status
make[1]: *** [CMakeFiles/cmTC_b0724.dir/build.make:107: cmTC_b0724] Error 1
make[1]: Leaving directory '/home/andrew/MY/Projects/Graphic/LionGL/cmake-build-debug/CMakeFiles/CMakeTmp'
make: *** [Makefile:141: cmTC_b0724/fast] Error 2



Determining if the function dlopen exists failed with the following output:
Change Dir: /home/andrew/MY/Projects/Graphic/LionGL/cmake-build-debug/CMakeFiles/CMakeTmp

Run Build Command(s):/usr/bin/make cmTC_8bac9/fast && /usr/bin/make  -f CMakeFiles/cmTC_8bac9.dir/build.make CMakeFiles/cmTC_8bac9.dir/build
make[1]: Entering directory '/home/andrew/MY/Projects/Graphic/LionGL/cmake-build-debug/CMakeFiles/CMakeTmp'
Building C object CMakeFiles/cmTC_8bac9.dir/CheckFunctionExists.c.o
/usr/bin/cc   -idirafter /home/andrew/MY/Projects/Graphic/LionGL/libs/SDL2-2.0.12/src/video/khronos -DCHECK_FUNCTION_EXISTS=dlopen   -o CMakeFiles/cmTC_8bac9.dir/CheckFunctionExists.c.o   -c /snap/clion/126/bin/cmake/linux/share/cmake-3.17/Modules/CheckFunctionExists.c
Linking C executable cmTC_8bac9
/snap/clion/126/bin/cmake/linux/bin/cmake -E cmake_link_script CMakeFiles/cmTC_8bac9.dir/link.txt --verbose=1
/usr/bin/cc  -idirafter /home/andrew/MY/Projects/Graphic/LionGL/libs/SDL2-2.0.12/src/video/khronos -DCHECK_FUNCTION_EXISTS=dlopen    -rdynamic CMakeFiles/cmTC_8bac9.dir/CheckFunctionExists.c.o  -o cmTC_8bac9 
/usr/bin/ld: CMakeFiles/cmTC_8bac9.dir/CheckFunctionExists.c.o: in function `main':
CheckFunctionExists.c:(.text+0x14): undefined reference to `dlopen'
collect2: error: ld returned 1 exit status
make[1]: *** [CMakeFiles/cmTC_8bac9.dir/build.make:107: cmTC_8bac9] Error 1
make[1]: Leaving directory '/home/andrew/MY/Projects/Graphic/LionGL/cmake-build-debug/CMakeFiles/CMakeTmp'
make: *** [Makefile:141: cmTC_8bac9/fast] Error 2



Determining if the include file audio/audiolib.h exists failed with the following output:
Change Dir: /home/andrew/MY/Projects/Graphic/LionGL/cmake-build-debug/CMakeFiles/CMakeTmp

Run Build Command(s):/usr/bin/make cmTC_56c54/fast && /usr/bin/make  -f CMakeFiles/cmTC_56c54.dir/build.make CMakeFiles/cmTC_56c54.dir/build
make[1]: Entering directory '/home/andrew/MY/Projects/Graphic/LionGL/cmake-build-debug/CMakeFiles/CMakeTmp'
Building C object CMakeFiles/cmTC_56c54.dir/CheckIncludeFile.c.o
/usr/bin/cc   -idirafter /home/andrew/MY/Projects/Graphic/LionGL/libs/SDL2-2.0.12/src/video/khronos    -o CMakeFiles/cmTC_56c54.dir/CheckIncludeFile.c.o   -c /home/andrew/MY/Projects/Graphic/LionGL/cmake-build-debug/CMakeFiles/CMakeTmp/CheckIncludeFile.c
/home/andrew/MY/Projects/Graphic/LionGL/cmake-build-debug/CMakeFiles/CMakeTmp/CheckIncludeFile.c:1:10: fatal error: audio/audiolib.h: No such file or directory
    1 | #include <audio/audiolib.h>
      |          ^~~~~~~~~~~~~~~~~~
compilation terminated.
make[1]: *** [CMakeFiles/cmTC_56c54.dir/build.make:86: CMakeFiles/cmTC_56c54.dir/CheckIncludeFile.c.o] Error 1
make[1]: Leaving directory '/home/andrew/MY/Projects/Graphic/LionGL/cmake-build-debug/CMakeFiles/CMakeTmp'
make: *** [Makefile:141: cmTC_56c54/fast] Error 2



Determining if the include file samplerate.h exists failed with the following output:
Change Dir: /home/andrew/MY/Projects/Graphic/LionGL/cmake-build-debug/CMakeFiles/CMakeTmp

Run Build Command(s):/usr/bin/make cmTC_64b84/fast && /usr/bin/make  -f CMakeFiles/cmTC_64b84.dir/build.make CMakeFiles/cmTC_64b84.dir/build
make[1]: Entering directory '/home/andrew/MY/Projects/Graphic/LionGL/cmake-build-debug/CMakeFiles/CMakeTmp'
Building C object CMakeFiles/cmTC_64b84.dir/CheckIncludeFile.c.o
/usr/bin/cc   -idirafter /home/andrew/MY/Projects/Graphic/LionGL/libs/SDL2-2.0.12/src/video/khronos    -o CMakeFiles/cmTC_64b84.dir/CheckIncludeFile.c.o   -c /home/andrew/MY/Projects/Graphic/LionGL/cmake-build-debug/CMakeFiles/CMakeTmp/CheckIncludeFile.c
/home/andrew/MY/Projects/Graphic/LionGL/cmake-build-debug/CMakeFiles/CMakeTmp/CheckIncludeFile.c:1:10: fatal error: samplerate.h: No such file or directory
    1 | #include <samplerate.h>
      |          ^~~~~~~~~~~~~~
compilation terminated.
make[1]: *** [CMakeFiles/cmTC_64b84.dir/build.make:86: CMakeFiles/cmTC_64b84.dir/CheckIncludeFile.c.o] Error 1
make[1]: Leaving directory '/home/andrew/MY/Projects/Graphic/LionGL/cmake-build-debug/CMakeFiles/CMakeTmp'
make: *** [Makefile:141: cmTC_64b84/fast] Error 2



Performing C SOURCE FILE Test HAVE_VIDEO_RPI failed with the following output:
Change Dir: /home/andrew/MY/Projects/Graphic/LionGL/cmake-build-debug/CMakeFiles/CMakeTmp

Run Build Command(s):/usr/bin/make cmTC_c745c/fast && /usr/bin/make  -f CMakeFiles/cmTC_c745c.dir/build.make CMakeFiles/cmTC_c745c.dir/build
make[1]: Entering directory '/home/andrew/MY/Projects/Graphic/LionGL/cmake-build-debug/CMakeFiles/CMakeTmp'
Building C object CMakeFiles/cmTC_c745c.dir/src.c.o
/usr/bin/cc   -idirafter /home/andrew/MY/Projects/Graphic/LionGL/libs/SDL2-2.0.12/src/video/khronos -DHAVE_VIDEO_RPI  -I/opt/vc/include/interface/vmcs_host/linux/ -I/opt/vc/include/interface/vcos/pthreads -I/opt/vc/include  -L/opt/vc/lib   -o CMakeFiles/cmTC_c745c.dir/src.c.o   -c /home/andrew/MY/Projects/Graphic/LionGL/cmake-build-debug/CMakeFiles/CMakeTmp/src.c
/home/andrew/MY/Projects/Graphic/LionGL/cmake-build-debug/CMakeFiles/CMakeTmp/src.c:2:18: fatal error: bcm_host.h: No such file or directory
    2 |         #include <bcm_host.h>
      |                  ^~~~~~~~~~~~
compilation terminated.
make[1]: *** [CMakeFiles/cmTC_c745c.dir/build.make:86: CMakeFiles/cmTC_c745c.dir/src.c.o] Error 1
make[1]: Leaving directory '/home/andrew/MY/Projects/Graphic/LionGL/cmake-build-debug/CMakeFiles/CMakeTmp'
make: *** [Makefile:141: cmTC_c745c/fast] Error 2


Source file was:

        #include <bcm_host.h>
        int main(int argc, char **argv) {}
Performing C SOURCE FILE Test HAVE_VIDEO_VIVANTE_VDK failed with the following output:
Change Dir: /home/andrew/MY/Projects/Graphic/LionGL/cmake-build-debug/CMakeFiles/CMakeTmp

Run Build Command(s):/usr/bin/make cmTC_f4446/fast && /usr/bin/make  -f CMakeFiles/cmTC_f4446.dir/build.make CMakeFiles/cmTC_f4446.dir/build
make[1]: Entering directory '/home/andrew/MY/Projects/Graphic/LionGL/cmake-build-debug/CMakeFiles/CMakeTmp'
Building C object CMakeFiles/cmTC_f4446.dir/src.c.o
/usr/bin/cc   -idirafter /home/andrew/MY/Projects/Graphic/LionGL/libs/SDL2-2.0.12/src/video/khronos -DHAVE_VIDEO_VIVANTE_VDK   -o CMakeFiles/cmTC_f4446.dir/src.c.o   -c /home/andrew/MY/Projects/Graphic/LionGL/cmake-build-debug/CMakeFiles/CMakeTmp/src.c
/home/andrew/MY/Projects/Graphic/LionGL/cmake-build-debug/CMakeFiles/CMakeTmp/src.c:2:18: fatal error: gc_vdk.h: No such file or directory
    2 |         #include <gc_vdk.h>
      |                  ^~~~~~~~~~
compilation terminated.
make[1]: *** [CMakeFiles/cmTC_f4446.dir/build.make:86: CMakeFiles/cmTC_f4446.dir/src.c.o] Error 1
make[1]: Leaving directory '/home/andrew/MY/Projects/Graphic/LionGL/cmake-build-debug/CMakeFiles/CMakeTmp'
make: *** [Makefile:141: cmTC_f4446/fast] Error 2


Source file was:

        #include <gc_vdk.h>
        int main(int argc, char** argv) {}
Performing C SOURCE FILE Test HAVE_VIDEO_VIVANTE_EGL_FB failed with the following output:
Change Dir: /home/andrew/MY/Projects/Graphic/LionGL/cmake-build-debug/CMakeFiles/CMakeTmp

Run Build Command(s):/usr/bin/make cmTC_23c39/fast && /usr/bin/make  -f CMakeFiles/cmTC_23c39.dir/build.make CMakeFiles/cmTC_23c39.dir/build
make[1]: Entering directory '/home/andrew/MY/Projects/Graphic/LionGL/cmake-build-debug/CMakeFiles/CMakeTmp'
Building C object CMakeFiles/cmTC_23c39.dir/src.c.o
/usr/bin/cc   -idirafter /home/andrew/MY/Projects/Graphic/LionGL/libs/SDL2-2.0.12/src/video/khronos -DHAVE_VIDEO_VIVANTE_EGL_FB   -o CMakeFiles/cmTC_23c39.dir/src.c.o   -c /home/andrew/MY/Projects/Graphic/LionGL/cmake-build-debug/CMakeFiles/CMakeTmp/src.c
/home/andrew/MY/Projects/Graphic/LionGL/cmake-build-debug/CMakeFiles/CMakeTmp/src.c:4:18: fatal error: EGL/eglvivante.h: No such file or directory
    4 |         #include <EGL/eglvivante.h>
      |                  ^~~~~~~~~~~~~~~~~~
compilation terminated.
make[1]: *** [CMakeFiles/cmTC_23c39.dir/build.make:86: CMakeFiles/cmTC_23c39.dir/src.c.o] Error 1
make[1]: Leaving directory '/home/andrew/MY/Projects/Graphic/LionGL/cmake-build-debug/CMakeFiles/CMakeTmp'
make: *** [Makefile:141: cmTC_23c39/fast] Error 2


Source file was:

        #define LINUX
        #define EGL_API_FB
        #include <EGL/eglvivante.h>
        int main(int argc, char** argv) {}
Determining if the include file fcitx/frontend.h exists failed with the following output:
Change Dir: /home/andrew/MY/Projects/Graphic/LionGL/cmake-build-debug/CMakeFiles/CMakeTmp

Run Build Command(s):/usr/bin/make cmTC_4678c/fast && /usr/bin/make  -f CMakeFiles/cmTC_4678c.dir/build.make CMakeFiles/cmTC_4678c.dir/build
make[1]: Entering directory '/home/andrew/MY/Projects/Graphic/LionGL/cmake-build-debug/CMakeFiles/CMakeTmp'
Building C object CMakeFiles/cmTC_4678c.dir/CheckIncludeFile.c.o
/usr/bin/cc   -idirafter /home/andrew/MY/Projects/Graphic/LionGL/libs/SDL2-2.0.12/src/video/khronos     -o CMakeFiles/cmTC_4678c.dir/CheckIncludeFile.c.o   -c /home/andrew/MY/Projects/Graphic/LionGL/cmake-build-debug/CMakeFiles/CMakeTmp/CheckIncludeFile.c
/home/andrew/MY/Projects/Graphic/LionGL/cmake-build-debug/CMakeFiles/CMakeTmp/CheckIncludeFile.c:1:10: fatal error: fcitx/frontend.h: No such file or directory
    1 | #include <fcitx/frontend.h>
      |          ^~~~~~~~~~~~~~~~~~
compilation terminated.
make[1]: *** [CMakeFiles/cmTC_4678c.dir/build.make:86: CMakeFiles/cmTC_4678c.dir/CheckIncludeFile.c.o] Error 1
make[1]: Leaving directory '/home/andrew/MY/Projects/Graphic/LionGL/cmake-build-debug/CMakeFiles/CMakeTmp'
make: *** [Makefile:141: cmTC_4678c/fast] Error 2



Performing C SOURCE FILE Test HAVE_INPUT_TSLIB failed with the following output:
Change Dir: /home/andrew/MY/Projects/Graphic/LionGL/cmake-build-debug/CMakeFiles/CMakeTmp

Run Build Command(s):/usr/bin/make cmTC_a3a66/fast && /usr/bin/make  -f CMakeFiles/cmTC_a3a66.dir/build.make CMakeFiles/cmTC_a3a66.dir/build
make[1]: Entering directory '/home/andrew/MY/Projects/Graphic/LionGL/cmake-build-debug/CMakeFiles/CMakeTmp'
Building C object CMakeFiles/cmTC_a3a66.dir/src.c.o
/usr/bin/cc   -idirafter /home/andrew/MY/Projects/Graphic/LionGL/libs/SDL2-2.0.12/src/video/khronos -DHAVE_INPUT_TSLIB   -o CMakeFiles/cmTC_a3a66.dir/src.c.o   -c /home/andrew/MY/Projects/Graphic/LionGL/cmake-build-debug/CMakeFiles/CMakeTmp/src.c
/home/andrew/MY/Projects/Graphic/LionGL/cmake-build-debug/CMakeFiles/CMakeTmp/src.c:2:18: fatal error: tslib.h: No such file or directory
    2 |         #include "tslib.h"
      |                  ^~~~~~~~~
compilation terminated.
make[1]: *** [CMakeFiles/cmTC_a3a66.dir/build.make:86: CMakeFiles/cmTC_a3a66.dir/src.c.o] Error 1
make[1]: Leaving directory '/home/andrew/MY/Projects/Graphic/LionGL/cmake-build-debug/CMakeFiles/CMakeTmp'
make: *** [Makefile:141: cmTC_a3a66/fast] Error 2


Source file was:

        #include "tslib.h"
        int main(int argc, char** argv) { }
Performing C SOURCE FILE Test HAVE_PTHREAD_NP_H failed with the following output:
Change Dir: /home/andrew/MY/Projects/Graphic/LionGL/cmake-build-debug/CMakeFiles/CMakeTmp

Run Build Command(s):/usr/bin/make cmTC_57949/fast && /usr/bin/make  -f CMakeFiles/cmTC_57949.dir/build.make CMakeFiles/cmTC_57949.dir/build
make[1]: Entering directory '/home/andrew/MY/Projects/Graphic/LionGL/cmake-build-debug/CMakeFiles/CMakeTmp'
Building C object CMakeFiles/cmTC_57949.dir/src.c.o
/usr/bin/cc   -idirafter /home/andrew/MY/Projects/Graphic/LionGL/libs/SDL2-2.0.12/src/video/khronos -DHAVE_PTHREAD_NP_H   -D_REENTRANT -pthread   -o CMakeFiles/cmTC_57949.dir/src.c.o   -c /home/andrew/MY/Projects/Graphic/LionGL/cmake-build-debug/CMakeFiles/CMakeTmp/src.c
/home/andrew/MY/Projects/Graphic/LionGL/cmake-build-debug/CMakeFiles/CMakeTmp/src.c:3:20: fatal error: pthread_np.h: No such file or directory
    3 |           #include <pthread_np.h>
      |                    ^~~~~~~~~~~~~~
compilation terminated.
make[1]: *** [CMakeFiles/cmTC_57949.dir/build.make:86: CMakeFiles/cmTC_57949.dir/src.c.o] Error 1
make[1]: Leaving directory '/home/andrew/MY/Projects/Graphic/LionGL/cmake-build-debug/CMakeFiles/CMakeTmp'
make: *** [Makefile:141: cmTC_57949/fast] Error 2


Source file was:

          #include <pthread.h>
          #include <pthread_np.h>
          int main(int argc, char** argv) { return 0; }
Determining if the function pthread_set_name_np exists failed with the following output:
Change Dir: /home/andrew/MY/Projects/Graphic/LionGL/cmake-build-debug/CMakeFiles/CMakeTmp

Run Build Command(s):/usr/bin/make cmTC_31d10/fast && /usr/bin/make  -f CMakeFiles/cmTC_31d10.dir/build.make CMakeFiles/cmTC_31d10.dir/build
make[1]: Entering directory '/home/andrew/MY/Projects/Graphic/LionGL/cmake-build-debug/CMakeFiles/CMakeTmp'
Building C object CMakeFiles/cmTC_31d10.dir/CheckFunctionExists.c.o
/usr/bin/cc   -idirafter /home/andrew/MY/Projects/Graphic/LionGL/libs/SDL2-2.0.12/src/video/khronos -DCHECK_FUNCTION_EXISTS=pthread_set_name_np   -D_REENTRANT -pthread   -o CMakeFiles/cmTC_31d10.dir/CheckFunctionExists.c.o   -c /snap/clion/126/bin/cmake/linux/share/cmake-3.17/Modules/CheckFunctionExists.c
Linking C executable cmTC_31d10
/snap/clion/126/bin/cmake/linux/bin/cmake -E cmake_link_script CMakeFiles/cmTC_31d10.dir/link.txt --verbose=1
/usr/bin/cc  -idirafter /home/andrew/MY/Projects/Graphic/LionGL/libs/SDL2-2.0.12/src/video/khronos -DCHECK_FUNCTION_EXISTS=pthread_set_name_np   -D_REENTRANT -pthread    -rdynamic CMakeFiles/cmTC_31d10.dir/CheckFunctionExists.c.o  -o cmTC_31d10 
/usr/bin/ld: CMakeFiles/cmTC_31d10.dir/CheckFunctionExists.c.o: in function `main':
CheckFunctionExists.c:(.text+0x14): undefined reference to `pthread_set_name_np'
collect2: error: ld returned 1 exit status
make[1]: *** [CMakeFiles/cmTC_31d10.dir/build.make:107: cmTC_31d10] Error 1
make[1]: Leaving directory '/home/andrew/MY/Projects/Graphic/LionGL/cmake-build-debug/CMakeFiles/CMakeTmp'
make: *** [Makefile:141: cmTC_31d10/fast] Error 2



